<?xml version="1.0" encoding="UTF-8"?>
<!-- Generated by org.testng.reporters.JUnitReportReporter -->
<testsuite hostname="Harshini" failures="0" tests="1" name="com.training.restapi.ApiAutomationUser" time="1.948" errors="0" timestamp="2023-04-06T23:46:34 EDT" skipped="0">
  <testcase classname="com.training.restapi.ApiAutomationUser" name="validateUser" time="1.948"/>
  <system-out/>
</testsuite> <!-- com.training.restapi.ApiAutomationUser -->
