<?xml version="1.0" encoding="UTF-8"?>
<!-- Generated by org.testng.reporters.JUnitReportReporter -->
<testsuite hostname="Harshini" failures="0" tests="1" name="com.training.restapi.ApiAutomation" time="11.546" errors="0" timestamp="2023-04-06T20:44:21 EDT" skipped="0">
  <testcase classname="com.training.restapi.ApiAutomation" name="login" time="11.546"/>
  <system-out/>
</testsuite> <!-- com.training.restapi.ApiAutomation -->
